<?xml version="1.0" encoding="UTF-8"?>
<testng-results ignored="0" total="1" passed="1" failed="0" skipped="0">
  <reporter-output>
  </reporter-output>
  <suite started-at="2022-08-25T12:43:54 EDT" name="Default suite" finished-at="2022-08-25T12:44:03 EDT" duration-ms="9335">
    <groups>
    </groups>
    <test started-at="2022-08-25T12:43:54 EDT" name="Default test" finished-at="2022-08-25T12:44:03 EDT" duration-ms="9335">
      <class name="dependies.projects.Projects">
        <test-method is-config="true" signature="setUp()[pri:0, instance:dependies.projects.Projects@4fb3ee4e]" started-at="2022-08-25T12:43:38 EDT" name="setUp" finished-at="2022-08-25T12:43:54 EDT" duration-ms="16360" status="PASS">
          <reporter-output>
          </reporter-output>
        </test-method> <!-- setUp -->
        <test-method signature="setUp()[pri:0, instance:dependies.projects.Projects@4fb3ee4e]" started-at="2022-08-25T12:43:54 EDT" name="setUp" finished-at="2022-08-25T12:44:03 EDT" duration-ms="8928" status="PASS">
          <reporter-output>
          </reporter-output>
        </test-method> <!-- setUp -->
      </class> <!-- dependies.projects.Projects -->
    </test> <!-- Default test -->
  </suite> <!-- Default suite -->
</testng-results>
